{
  "numFailedTestSuites": 1,
  "numFailedTests": 1,
  "numPassedTestSuites": 1,
  "numPassedTests": 7,
  "numPendingTestSuites": 0,
  "numPendingTests": 0,
  "numRuntimeErrorTestSuites": 0,
  "numTodoTests": 0,
  "numTotalTestSuites": 2,
  "numTotalTests": 8,
  "openHandles": [],
  "snapshot": {
    "added": 0,
    "didUpdate": false,
    "failure": false,
    "filesAdded": 0,
    "filesRemoved": 0,
    "filesRemovedList": [],
    "filesUnmatched": 0,
    "filesUpdated": 0,
    "matched": 0,
    "total": 0,
    "unchecked": 0,
    "uncheckedKeysByFile": [],
    "unmatched": 0,
    "updated": 0
  },
  "startTime": 1738064920383,
  "success": false,
  "testResults": [
    {
      "leaks": false,
      "numFailingTests": 0,
      "numPassingTests": 2,
      "numPendingTests": 0,
      "numTodoTests": 0,
      "openHandles": [],
      "perfStats": {
        "end": 1738064937053,
        "runtime": 12462,
        "slow": true,
        "start": 1738064924591
      },
      "skipped": false,
      "snapshot": {
        "added": 0,
        "fileDeleted": false,
        "matched": 0,
        "unchecked": 0,
        "uncheckedKeys": [],
        "unmatched": 0,
        "updated": 0
      },
      "testFilePath": "C:\\Users\\Hp 1040\\Desktop\\Ojblog\\test\\auth.test.js",
      "testResults": [
        {
          "ancestorTitles": [
            "Auth: Signup"
          ],
          "duration": 859,
          "failureDetails": [],
          "failureMessages": [],
          "fullName": "Auth: Signup should signup a user",
          "invocations": 1,
          "location": null,
          "numPassingAsserts": 5,
          "retryReasons": [],
          "status": "passed",
          "title": "should signup a user"
        },
        {
          "ancestorTitles": [
            "Auth: Signup"
          ],
          "duration": 296,
          "failureDetails": [],
          "failureMessages": [],
          "fullName": "Auth: Signup should login a user",
          "invocations": 1,
          "location": null,
          "numPassingAsserts": 5,
          "retryReasons": [],
          "status": "passed",
          "title": "should login a user"
        }
      ],
      "failureMessage": null
    },
    {
      "leaks": false,
      "numFailingTests": 1,
      "numPassingTests": 5,
      "numPendingTests": 0,
      "numTodoTests": 0,
      "openHandles": [],
      "perfStats": {
        "end": 1738064941976,
        "runtime": 17279,
        "slow": true,
        "start": 1738064924697
      },
      "skipped": false,
      "snapshot": {
        "added": 0,
        "fileDeleted": false,
        "matched": 0,
        "unchecked": 0,
        "uncheckedKeys": [],
        "unmatched": 0,
        "updated": 0
      },
      "testFilePath": "C:\\Users\\Hp 1040\\Desktop\\Ojblog\\test\\blog.test.js",
      "testResults": [
        {
          "ancestorTitles": [
            "Blog Routes"
          ],
          "duration": 3998,
          "failureDetails": [],
          "failureMessages": [],
          "fullName": "Blog Routes should create a new blog",
          "invocations": 1,
          "location": null,
          "numPassingAsserts": 3,
          "retryReasons": [],
          "status": "passed",
          "title": "should create a new blog"
        },
        {
          "ancestorTitles": [
            "Blog Routes"
          ],
          "duration": 424,
          "failureDetails": [],
          "failureMessages": [],
          "fullName": "Blog Routes should retrieve all published blogs",
          "invocations": 1,
          "location": null,
          "numPassingAsserts": 3,
          "retryReasons": [],
          "status": "passed",
          "title": "should retrieve all published blogs"
        },
        {
          "ancestorTitles": [
            "Blog Routes"
          ],
          "duration": 526,
          "failureDetails": [],
          "failureMessages": [],
          "fullName": "Blog Routes should retrieve  the author blog",
          "invocations": 1,
          "location": null,
          "numPassingAsserts": 3,
          "retryReasons": [],
          "status": "passed",
          "title": "should retrieve  the author blog"
        },
        {
          "ancestorTitles": [
            "Blog Routes"
          ],
          "duration": 2028,
          "failureDetails": [],
          "failureMessages": [],
          "fullName": "Blog Routes should retrieve single blog by id",
          "invocations": 1,
          "location": null,
          "numPassingAsserts": 9,
          "retryReasons": [],
          "status": "passed",
          "title": "should retrieve single blog by id"
        },
        {
          "ancestorTitles": [
            "Blog Routes"
          ],
          "duration": 1357,
          "failureDetails": [
            {}
          ],
          "failureMessages": [
            "TypeError: Cannot read properties of undefined (reading 'data')\n    at Object.data (C:\\Users\\Hp 1040\\Desktop\\Ojblog\\test\\blog.test.js:226:79)\n    at processTicksAndRejections (node:internal/process/task_queues:105:5)"
          ],
          "fullName": "Blog Routes should update a authors blog",
          "invocations": 1,
          "location": null,
          "numPassingAsserts": 4,
          "retryReasons": [],
          "status": "failed",
          "title": "should update a authors blog"
        },
        {
          "ancestorTitles": [
            "Blog Routes"
          ],
          "duration": 679,
          "failureDetails": [],
          "failureMessages": [],
          "fullName": "Blog Routes should delete blog article",
          "invocations": 1,
          "location": null,
          "numPassingAsserts": 4,
          "retryReasons": [],
          "status": "passed",
          "title": "should delete blog article"
        }
      ],
      "failureMessage": "\u001b[1m\u001b[31m  \u001b[1m● \u001b[22m\u001b[1mBlog Routes › should update a authors blog\u001b[39m\u001b[22m\n\n    TypeError: Cannot read properties of undefined (reading 'data')\n\u001b[2m\u001b[22m\n\u001b[2m    \u001b[0m \u001b[90m 224 |\u001b[39m     expect(newResponse\u001b[33m.\u001b[39mbody\u001b[33m.\u001b[39mmessage)\u001b[33m.\u001b[39mtoBe(\u001b[32m\"Blog updated successfully\"\u001b[39m)\u001b[22m\n\u001b[2m     \u001b[90m 225 |\u001b[39m     expect(newResponse\u001b[33m.\u001b[39mbody\u001b[33m.\u001b[39mdata\u001b[33m.\u001b[39mblog\u001b[33m.\u001b[39mtitle)\u001b[33m.\u001b[39mtoBe(\u001b[32m\"a new title update\"\u001b[39m)\u001b[22m\n\u001b[2m    \u001b[31m\u001b[1m>\u001b[22m\u001b[2m\u001b[39m\u001b[90m 226 |\u001b[39m     expect(newResponse\u001b[33m.\u001b[39mbody\u001b[33m.\u001b[39mdata\u001b[33m.\u001b[39mblog\u001b[33m.\u001b[39m_id)\u001b[33m.\u001b[39mtoBe(response\u001b[33m.\u001b[39mbody\u001b[33m.\u001b[39mserviceResponse\u001b[33m.\u001b[39mdata\u001b[33m.\u001b[39marticle\u001b[33m.\u001b[39m_id)\u001b[22m\n\u001b[2m     \u001b[90m     |\u001b[39m                                                                               \u001b[31m\u001b[1m^\u001b[22m\u001b[2m\u001b[39m\u001b[22m\n\u001b[2m     \u001b[90m 227 |\u001b[39m   })\u001b[22m\n\u001b[2m     \u001b[90m 228 |\u001b[39m\u001b[22m\n\u001b[2m     \u001b[90m 229 |\u001b[39m   it(\u001b[32m\"should delete blog article\"\u001b[39m\u001b[33m,\u001b[39m \u001b[36masync\u001b[39m()\u001b[33m=>\u001b[39m{\u001b[0m\u001b[22m\n\u001b[2m\u001b[22m\n\u001b[2m      \u001b[2mat Object.data (\u001b[22m\u001b[2m\u001b[0m\u001b[36mtest/blog.test.js\u001b[39m\u001b[0m\u001b[2m:226:79)\u001b[22m\u001b[2m\u001b[22m\n"
    }
  ],
  "wasInterrupted": false
}